>>> Sass is watching for changes. Press Ctrl-C to stop.
>>> Change detected to: src/sass/index.scss
      write src/css/index.css
      write src/css/index.css.map
>>> Change detected to: src/sass/index.scss
      write src/css/index.css
      write src/css/index.css.map
>>> Change detected to: src/sass/index.scss
      write src/css/index.css
      write src/css/index.css.map
>>> Change detected to: src/sass/index.scss
      write src/css/index.css
      write src/css/index.css.map
 Compiling...

webpack: Compiled successfully.
webpack: Compiling...

webpack: Compiled successfully.
webpack: Compiling...

webpack: Compiled successfully.
”€â”€â”€â”¼â”€â”€â”€â”€â”€â”€â”€â”€â”€â”¼â”€â”€â”€â”€â”€â”€â”€â”€â”€â”€â”¤
â”‚ index    â”‚ 0  â”‚ fork â”‚ 12152 â”‚ online â”‚ 230     â”‚ 71m    â”‚ 0%  â”‚ 61.9 MB   â”‚ matheus â”‚ enabled  â”‚
â””â”€â”€â”€â”€â”€â”€â”€â”€â”€â”€â”´â”€â”€â”€â”€â”´â”€â”€â”€â”€â”€â”€â”´â”€â”€â”€â”€â”€â”€â”€â”´â”€â”€â”€â”€â”€â”€â”€â”€â”´â”€â”€â”€â”€â”€â”€â”€â”€â”€â”´â”€â”€â”€â”€â”€â”€â”€â”€â”´â”€â”€â”€â”€â”€â”´â”€â”€â”€â”€â”€â”€â”€â”€â”€â”€â”€â”´â”€â”€â”€â”€â”€â”€â”€â”€â”€â”´â”€â”€â”€â”€â”€â”€â”€â”€â”€â”€â”˜
 Use `pm2 show <id|name>` to get more details about an app
[TAILING] Tailing last 15 lines for [all] processes (change the value with --lines option)
/home/matheus/.pm2/pm2.log last 15 lines:
PM2        | [2018-08-17 09:23:59] PM2 log: pid=12119 msg=process killed
PM2        | [2018-08-17 09:23:59] PM2 log: Starting execution sequence in -fork mode- for app name:index id:0
PM2        | [2018-08-17 09:23:59] PM2 log: App name:index id:0 online
PM2        | [2018-08-17 09:24:00] PM2 error: Change detected on path server.log for app index - restarting
PM2        | [2018-08-17 09:24:00] PM2 log: Stopping app:index id:0
PM2        | [2018-08-17 09:24:00] PM2 log: App [index] with id [0] and pid [12130], exited with code [0] via signal [SIGINT]
PM2        | [2018-08-17 09:24:00] PM2 log: pid=12130 msg=process killed
PM2        | [2018-08-17 09:24:00] PM2 log: Starting execution sequence in -fork mode- for app name:index id:0
PM2        | [2018-08-17 09:24:00] PM2 log: App name:index id:0 online
PM2        | [2018-08-17 09:24:00] PM2 error: Change detected on path server.log for app index - restarting
PM2        | [2018-08-17 09:24:00] PM2 log: Stopping app:index id:0
PM2        | [2018-08-17 09:24:00] PM2 log: App [index] with id [0] and pid [12141], exited with code [0] via signal [SIGINT]
PM2        | [2018-08-17 09:24:00] PM2 log: pid=12141 msg=process killed
PM2        | [2018-08-17 09:24:00] PM2 log: Starting execution sequence in -fork mode- for app name:index id:0
PM2        | [2018-08-17 09:24:00] PM2 log: App name:index id:0 online

/home/matheus/.pm2/logs/index-error-0.log last 15 lines:
0|index    |     at tryModuleLoad (module.js:505:12)
0|index    |     at Function.Module._load (module.js:497:3)
0|index    |     at Function.Module.runMain (module.js:693:10)
0|index    |     at startup (bootstrap_node.js:191:16)
0|index    | Error: Cannot find module '/home/matheus/Documentos/apps_experimentais/redencao360/www/server/index.js'
0|index    |     at Function.Module._resolveFilename (module.js:547:15)
0|index    |     at Function.Module._load (module.js:474:25)
0|index    |     at Object.<anonymous> (/usr/lib/node_modules/pm2/lib/ProcessContainerFork.js:83:21)
0|index    |     at Module._compile (module.js:652:30)
0|index    |     at Object.Module._extensions..js (module.js:663:10)
0|index    |     at Module.load (module.js:565:32)
0|index    |     at tryModuleLoad (module.js:505:12)
0|index    |     at Function.Module._load (module.js:497:3)
0|index    |     at Function.Module.runMain (module.js:693:10)
0|index    |     at startup (bootstrap_node.js:191:16)

/home/matheus/.pm2/logs/index-out-0.log last 15 lines:
0|index    | conectado a 21040 
0|index    | 192.168.3.23:13306
0|index    | conectado a 21040 
0|index    | 192.168.3.23:13306
0|index    | conectado a 21040 
0|index    | 192.168.3.23:13306
0|index    | conectado a 21040 
0|index    | 192.168.3.23:13306
0|index    | conectado a 21040 
0|index    | conectou
0|index    | conectou
0|index    | conectou
0|index    | conectou
0|index    | conectou
0|index    | conectou

